<?xml version="1.0" encoding="UTF-8"?>
<coverage generated="1660177397237" clover="3.2.0">
  <project timestamp="1660177397237" name="All files">
    <metrics statements="44" coveredstatements="20" conditionals="10" coveredconditionals="1" methods="20" coveredmethods="10" elements="74" coveredelements="31" complexity="0" loc="44" ncloc="44" packages="4" files="12" classes="12"/>
    <package name="src">
      <metrics statements="2" coveredstatements="1" conditionals="0" coveredconditionals="0" methods="1" coveredmethods="1"/>
      <file name="App.js" path="C:\Users\spiri\OneDrive\Документы\IT\GitHub\jun-frontend-test-task\client\src\App.js">
        <metrics statements="1" coveredstatements="1" conditionals="0" coveredconditionals="0" methods="1" coveredmethods="1"/>
        <line num="12" count="3" type="stmt"/>
      </file>
      <file name="index.js" path="C:\Users\spiri\OneDrive\Документы\IT\GitHub\jun-frontend-test-task\client\src\index.js">
        <metrics statements="1" coveredstatements="0" conditionals="0" coveredconditionals="0" methods="0" coveredmethods="0"/>
        <line num="9" count="0" type="stmt"/>
      </file>
    </package>
    <package name="src.components">
      <metrics statements="13" coveredstatements="6" conditionals="2" coveredconditionals="1" methods="8" coveredmethods="4"/>
      <file name="Footer.js" path="C:\Users\spiri\OneDrive\Документы\IT\GitHub\jun-frontend-test-task\client\src\components\Footer.js">
        <metrics statements="1" coveredstatements="1" conditionals="0" coveredconditionals="0" methods="1" coveredmethods="1"/>
        <line num="4" count="3" type="stmt"/>
      </file>
      <file name="Header.js" path="C:\Users\spiri\OneDrive\Документы\IT\GitHub\jun-frontend-test-task\client\src\components\Header.js">
        <metrics statements="1" coveredstatements="1" conditionals="0" coveredconditionals="0" methods="1" coveredmethods="1"/>
        <line num="5" count="3" type="stmt"/>
      </file>
      <file name="HistoryRace.js" path="C:\Users\spiri\OneDrive\Документы\IT\GitHub\jun-frontend-test-task\client\src\components\HistoryRace.js">
        <metrics statements="2" coveredstatements="0" conditionals="0" coveredconditionals="0" methods="2" coveredmethods="0"/>
        <line num="5" count="0" type="stmt"/>
        <line num="11" count="0" type="stmt"/>
      </file>
      <file name="HorseProgress.js" path="C:\Users\spiri\OneDrive\Документы\IT\GitHub\jun-frontend-test-task\client\src\components\HorseProgress.js">
        <metrics statements="3" coveredstatements="0" conditionals="0" coveredconditionals="0" methods="1" coveredmethods="0"/>
        <line num="3" count="0" type="stmt"/>
        <line num="4" count="0" type="stmt"/>
        <line num="5" count="0" type="stmt"/>
      </file>
      <file name="ProgressBar.js" path="C:\Users\spiri\OneDrive\Документы\IT\GitHub\jun-frontend-test-task\client\src\components\ProgressBar.js">
        <metrics statements="6" coveredstatements="4" conditionals="2" coveredconditionals="1" methods="3" coveredmethods="2"/>
        <line num="5" count="2" type="stmt"/>
        <line num="6" count="2" type="stmt"/>
        <line num="8" count="2" type="cond" truecount="1" falsecount="1"/>
        <line num="9" count="0" type="stmt"/>
        <line num="12" count="0" type="stmt"/>
        <line num="19" count="2" type="stmt"/>
      </file>
    </package>
    <package name="src.pages">
      <metrics statements="24" coveredstatements="8" conditionals="8" coveredconditionals="0" methods="9" coveredmethods="3"/>
      <file name="History.js" path="C:\Users\spiri\OneDrive\Документы\IT\GitHub\jun-frontend-test-task\client\src\pages\History.js">
        <metrics statements="4" coveredstatements="0" conditionals="2" coveredconditionals="0" methods="3" coveredmethods="0"/>
        <line num="6" count="0" type="stmt"/>
        <line num="7" count="0" type="cond" truecount="0" falsecount="2"/>
        <line num="8" count="0" type="stmt"/>
        <line num="12" count="0" type="stmt"/>
      </file>
      <file name="HorseRace.js" path="C:\Users\spiri\OneDrive\Документы\IT\GitHub\jun-frontend-test-task\client\src\pages\HorseRace.js">
        <metrics statements="19" coveredstatements="7" conditionals="6" coveredconditionals="0" methods="5" coveredmethods="2"/>
        <line num="9" count="2" type="stmt"/>
        <line num="10" count="2" type="stmt"/>
        <line num="11" count="2" type="stmt"/>
        <line num="13" count="2" type="stmt"/>
        <line num="14" count="2" type="stmt"/>
        <line num="15" count="0" type="stmt"/>
        <line num="16" count="0" type="stmt"/>
        <line num="17" count="0" type="stmt"/>
        <line num="18" count="0" type="cond" truecount="0" falsecount="4"/>
        <line num="19" count="0" type="stmt"/>
        <line num="20" count="0" type="stmt"/>
        <line num="21" count="0" type="stmt"/>
        <line num="25" count="0" type="cond" truecount="0" falsecount="2"/>
        <line num="26" count="0" type="stmt"/>
        <line num="27" count="0" type="stmt"/>
        <line num="28" count="0" type="stmt"/>
        <line num="33" count="2" type="stmt"/>
        <line num="34" count="0" type="stmt"/>
        <line num="36" count="2" type="stmt"/>
      </file>
      <file name="PageError.js" path="C:\Users\spiri\OneDrive\Документы\IT\GitHub\jun-frontend-test-task\client\src\pages\PageError.js">
        <metrics statements="1" coveredstatements="1" conditionals="0" coveredconditionals="0" methods="1" coveredmethods="1"/>
        <line num="8" count="1" type="stmt"/>
      </file>
    </package>
    <package name="src.redux">
      <metrics statements="5" coveredstatements="5" conditionals="0" coveredconditionals="0" methods="2" coveredmethods="2"/>
      <file name="horseReducer.js" path="C:\Users\spiri\OneDrive\Документы\IT\GitHub\jun-frontend-test-task\client\src\redux\horseReducer.js">
        <metrics statements="4" coveredstatements="4" conditionals="0" coveredconditionals="0" methods="2" coveredmethods="2"/>
        <line num="3" count="1" type="stmt"/>
        <line num="11" count="1" type="stmt"/>
        <line num="14" count="1" type="stmt"/>
        <line num="19" count="1" type="stmt"/>
      </file>
      <file name="store.js" path="C:\Users\spiri\OneDrive\Документы\IT\GitHub\jun-frontend-test-task\client\src\redux\store.js">
        <metrics statements="1" coveredstatements="1" conditionals="0" coveredconditionals="0" methods="0" coveredmethods="0"/>
        <line num="5" count="1" type="stmt"/>
      </file>
    </package>
  </project>
</coverage>
