{"C:\\Users\\spiri\\OneDrive\\Документы\\IT\\GitHub\\jun-frontend-test-task\\client\\src\\App.js": {"path":"C:\\Users\\spiri\\OneDrive\\Документы\\IT\\GitHub\\jun-frontend-test-task\\client\\src\\App.js","statementMap":{"0":{"start":{"line":12,"column":2},"end":{"line":26,"column":4}}},"fnMap":{"0":{"name":"App","decl":{"start":{"line":10,"column":9},"end":{"line":10,"column":12}},"loc":{"start":{"line":10,"column":15},"end":{"line":27,"column":1}},"line":10}},"branchMap":{},"s":{"0":3},"f":{"0":3},"b":{},"_coverageSchema":"1a1c01bbd47fc00a2c39e90264f33305004495a9","hash":"5f4e271327c48e82fe36f5c20e68f1d9b038490e"}
,"C:\\Users\\spiri\\OneDrive\\Документы\\IT\\GitHub\\jun-frontend-test-task\\client\\src\\index.js": {"path":"C:\\Users\\spiri\\OneDrive\\Документы\\IT\\GitHub\\jun-frontend-test-task\\client\\src\\index.js","statementMap":{"0":{"start":{"line":9,"column":0},"end":{"line":16,"column":2}}},"fnMap":{},"branchMap":{},"s":{"0":0},"f":{},"b":{}}
,"C:\\Users\\spiri\\OneDrive\\Документы\\IT\\GitHub\\jun-frontend-test-task\\client\\src\\components\\Footer.js": {"path":"C:\\Users\\spiri\\OneDrive\\Документы\\IT\\GitHub\\jun-frontend-test-task\\client\\src\\components\\Footer.js","statementMap":{"0":{"start":{"line":4,"column":2},"end":{"line":12,"column":3}}},"fnMap":{"0":{"name":"Footer","decl":{"start":{"line":3,"column":9},"end":{"line":3,"column":15}},"loc":{"start":{"line":3,"column":18},"end":{"line":13,"column":1}},"line":3}},"branchMap":{},"s":{"0":3},"f":{"0":3},"b":{},"_coverageSchema":"1a1c01bbd47fc00a2c39e90264f33305004495a9","hash":"cced5d1e7bd163ac3319ec0f3986415aff6c9a38"}
,"C:\\Users\\spiri\\OneDrive\\Документы\\IT\\GitHub\\jun-frontend-test-task\\client\\src\\components\\Header.js": {"path":"C:\\Users\\spiri\\OneDrive\\Документы\\IT\\GitHub\\jun-frontend-test-task\\client\\src\\components\\Header.js","statementMap":{"0":{"start":{"line":5,"column":2},"end":{"line":12,"column":3}}},"fnMap":{"0":{"name":"Header","decl":{"start":{"line":4,"column":9},"end":{"line":4,"column":15}},"loc":{"start":{"line":4,"column":18},"end":{"line":13,"column":1}},"line":4}},"branchMap":{},"s":{"0":3},"f":{"0":3},"b":{},"_coverageSchema":"1a1c01bbd47fc00a2c39e90264f33305004495a9","hash":"d754ad11360ed1f098b59efb58793d96a645a5b5"}
,"C:\\Users\\spiri\\OneDrive\\Документы\\IT\\GitHub\\jun-frontend-test-task\\client\\src\\components\\HistoryRace.js": {"path":"C:\\Users\\spiri\\OneDrive\\Документы\\IT\\GitHub\\jun-frontend-test-task\\client\\src\\components\\HistoryRace.js","statementMap":{"0":{"start":{"line":5,"column":2},"end":{"line":20,"column":3}},"1":{"start":{"line":11,"column":10},"end":{"line":15,"column":11}}},"fnMap":{"0":{"name":"HistoryRace","decl":{"start":{"line":3,"column":9},"end":{"line":3,"column":20}},"loc":{"start":{"line":3,"column":28},"end":{"line":21,"column":1}},"line":3},"1":{"name":"(anonymous_1)","decl":{"start":{"line":10,"column":22},"end":{"line":10,"column":23}},"loc":{"start":{"line":10,"column":40},"end":{"line":16,"column":9}},"line":10}},"branchMap":{},"s":{"0":0,"1":0},"f":{"0":0,"1":0},"b":{},"_coverageSchema":"1a1c01bbd47fc00a2c39e90264f33305004495a9","hash":"e20e883b48cd8ca913d13ebd35c28970ede36d9f"}
,"C:\\Users\\spiri\\OneDrive\\Документы\\IT\\GitHub\\jun-frontend-test-task\\client\\src\\components\\HorseProgress.js": {"path":"C:\\Users\\spiri\\OneDrive\\Документы\\IT\\GitHub\\jun-frontend-test-task\\client\\src\\components\\HorseProgress.js","statementMap":{"0":{"start":{"line":3,"column":13},"end":{"line":3,"column":14}},"1":{"start":{"line":4,"column":2},"end":{"line":4,"column":49}},"2":{"start":{"line":5,"column":2},"end":{"line":12,"column":3}}},"fnMap":{"0":{"name":"HorseProgress","decl":{"start":{"line":2,"column":9},"end":{"line":2,"column":22}},"loc":{"start":{"line":2,"column":30},"end":{"line":13,"column":1}},"line":2}},"branchMap":{},"s":{"0":0,"1":0,"2":0},"f":{"0":0},"b":{},"_coverageSchema":"1a1c01bbd47fc00a2c39e90264f33305004495a9","hash":"b7ec561fedcff2a0026977b145327f6e2ed16bf5"}
,"C:\\Users\\spiri\\OneDrive\\Документы\\IT\\GitHub\\jun-frontend-test-task\\client\\src\\components\\ProgressBar.js": {"path":"C:\\Users\\spiri\\OneDrive\\Документы\\IT\\GitHub\\jun-frontend-test-task\\client\\src\\components\\ProgressBar.js","statementMap":{"0":{"start":{"line":5,"column":17},"end":{"line":5,"column":57}},"1":{"start":{"line":5,"column":40},"end":{"line":5,"column":56}},"2":{"start":{"line":6,"column":18},"end":{"line":6,"column":84}},"3":{"start":{"line":8,"column":2},"end":{"line":21,"column":5}},"4":{"start":{"line":9,"column":4},"end":{"line":17,"column":5}},"5":{"start":{"line":12,"column":10},"end":{"line":13,"column":11}},"6":{"start":{"line":19,"column":4},"end":{"line":21,"column":5}}},"fnMap":{"0":{"name":"ProgressBar","decl":{"start":{"line":4,"column":9},"end":{"line":4,"column":20}},"loc":{"start":{"line":4,"column":23},"end":{"line":22,"column":1}},"line":4},"1":{"name":"(anonymous_1)","decl":{"start":{"line":5,"column":29},"end":{"line":5,"column":30}},"loc":{"start":{"line":5,"column":40},"end":{"line":5,"column":56}},"line":5},"2":{"name":"(anonymous_2)","decl":{"start":{"line":11,"column":20},"end":{"line":11,"column":21}},"loc":{"start":{"line":11,"column":38},"end":{"line":14,"column":9}},"line":11}},"branchMap":{"0":{"loc":{"start":{"line":8,"column":2},"end":{"line":21,"column":5}},"type":"if","locations":[{"start":{"line":8,"column":2},"end":{"line":21,"column":5}},{"start":{"line":19,"column":4},"end":{"line":21,"column":5}}],"line":8}},"s":{"0":2,"1":2,"2":2,"3":2,"4":0,"5":0,"6":2},"f":{"0":2,"1":2,"2":0},"b":{"0":[0,2]},"_coverageSchema":"1a1c01bbd47fc00a2c39e90264f33305004495a9","hash":"11c591d7bedefcf55dbd070b9f0e003a88320828"}
,"C:\\Users\\spiri\\OneDrive\\Документы\\IT\\GitHub\\jun-frontend-test-task\\client\\src\\pages\\History.js": {"path":"C:\\Users\\spiri\\OneDrive\\Документы\\IT\\GitHub\\jun-frontend-test-task\\client\\src\\pages\\History.js","statementMap":{"0":{"start":{"line":6,"column":18},"end":{"line":6,"column":61}},"1":{"start":{"line":6,"column":41},"end":{"line":6,"column":60}},"2":{"start":{"line":7,"column":2},"end":{"line":18,"column":3}},"3":{"start":{"line":7,"column":25},"end":{"line":7,"column":80}},"4":{"start":{"line":8,"column":7},"end":{"line":18,"column":3}},"5":{"start":{"line":12,"column":8},"end":{"line":14,"column":9}}},"fnMap":{"0":{"name":"History","decl":{"start":{"line":5,"column":9},"end":{"line":5,"column":16}},"loc":{"start":{"line":5,"column":19},"end":{"line":19,"column":1}},"line":5},"1":{"name":"(anonymous_1)","decl":{"start":{"line":6,"column":30},"end":{"line":6,"column":31}},"loc":{"start":{"line":6,"column":41},"end":{"line":6,"column":60}},"line":6},"2":{"name":"(anonymous_2)","decl":{"start":{"line":11,"column":19},"end":{"line":11,"column":20}},"loc":{"start":{"line":11,"column":35},"end":{"line":15,"column":7}},"line":11}},"branchMap":{"0":{"loc":{"start":{"line":7,"column":2},"end":{"line":18,"column":3}},"type":"if","locations":[{"start":{"line":7,"column":2},"end":{"line":18,"column":3}},{"start":{"line":8,"column":7},"end":{"line":18,"column":3}}],"line":7}},"s":{"0":0,"1":0,"2":0,"3":0,"4":0,"5":0},"f":{"0":0,"1":0,"2":0},"b":{"0":[0,0]},"_coverageSchema":"1a1c01bbd47fc00a2c39e90264f33305004495a9","hash":"2c9a4e03e4fe9acdec119013d10eb3baf785e172"}
,"C:\\Users\\spiri\\OneDrive\\Документы\\IT\\GitHub\\jun-frontend-test-task\\client\\src\\pages\\HorseRace.js": {"path":"C:\\Users\\spiri\\OneDrive\\Документы\\IT\\GitHub\\jun-frontend-test-task\\client\\src\\pages\\HorseRace.js","statementMap":{"0":{"start":{"line":9,"column":17},"end":{"line":9,"column":50}},"1":{"start":{"line":10,"column":19},"end":{"line":10,"column":32}},"2":{"start":{"line":11,"column":30},"end":{"line":11,"column":42}},"3":{"start":{"line":13,"column":2},"end":{"line":31,"column":33}},"4":{"start":{"line":14,"column":4},"end":{"line":30,"column":7}},"5":{"start":{"line":15,"column":6},"end":{"line":15,"column":29}},"6":{"start":{"line":16,"column":6},"end":{"line":16,"column":30}},"7":{"start":{"line":17,"column":6},"end":{"line":24,"column":7}},"8":{"start":{"line":18,"column":8},"end":{"line":22,"column":9}},"9":{"start":{"line":19,"column":18},"end":{"line":19,"column":24}},"10":{"start":{"line":20,"column":10},"end":{"line":20,"column":29}},"11":{"start":{"line":21,"column":10},"end":{"line":21,"column":23}},"12":{"start":{"line":25,"column":6},"end":{"line":29,"column":7}},"13":{"start":{"line":26,"column":8},"end":{"line":26,"column":27}},"14":{"start":{"line":27,"column":8},"end":{"line":27,"column":36}},"15":{"start":{"line":28,"column":8},"end":{"line":28,"column":21}},"16":{"start":{"line":33,"column":20},"end":{"line":35,"column":3}},"17":{"start":{"line":34,"column":4},"end":{"line":34,"column":25}},"18":{"start":{"line":36,"column":4},"end":{"line":42,"column":6}}},"fnMap":{"0":{"name":"HorseRace","decl":{"start":{"line":8,"column":9},"end":{"line":8,"column":18}},"loc":{"start":{"line":8,"column":21},"end":{"line":43,"column":1}},"line":8},"1":{"name":"(anonymous_1)","decl":{"start":{"line":13,"column":12},"end":{"line":13,"column":13}},"loc":{"start":{"line":13,"column":18},"end":{"line":31,"column":3}},"line":13},"2":{"name":"(anonymous_2)","decl":{"start":{"line":14,"column":24},"end":{"line":14,"column":25}},"loc":{"start":{"line":14,"column":33},"end":{"line":30,"column":5}},"line":14},"3":{"name":"(anonymous_3)","decl":{"start":{"line":17,"column":16},"end":{"line":17,"column":17}},"loc":{"start":{"line":17,"column":25},"end":{"line":23,"column":7}},"line":17},"4":{"name":"(anonymous_4)","decl":{"start":{"line":33,"column":20},"end":{"line":33,"column":21}},"loc":{"start":{"line":33,"column":26},"end":{"line":35,"column":3}},"line":33}},"branchMap":{"0":{"loc":{"start":{"line":18,"column":8},"end":{"line":22,"column":9}},"type":"if","locations":[{"start":{"line":18,"column":8},"end":{"line":22,"column":9}},{"start":{},"end":{}}],"line":18},"1":{"loc":{"start":{"line":18,"column":12},"end":{"line":18,"column":67}},"type":"binary-expr","locations":[{"start":{"line":18,"column":12},"end":{"line":18,"column":35}},{"start":{"line":18,"column":39},"end":{"line":18,"column":67}}],"line":18},"2":{"loc":{"start":{"line":25,"column":6},"end":{"line":29,"column":7}},"type":"if","locations":[{"start":{"line":25,"column":6},"end":{"line":29,"column":7}},{"start":{},"end":{}}],"line":25}},"s":{"0":2,"1":2,"2":2,"3":2,"4":2,"5":0,"6":0,"7":0,"8":0,"9":0,"10":0,"11":0,"12":0,"13":0,"14":0,"15":0,"16":2,"17":0,"18":2},"f":{"0":2,"1":2,"2":0,"3":0,"4":0},"b":{"0":[0,0],"1":[0,0],"2":[0,0]},"_coverageSchema":"1a1c01bbd47fc00a2c39e90264f33305004495a9","hash":"0698ab3d2c94af51675a723a68ee35288f756cd6"}
,"C:\\Users\\spiri\\OneDrive\\Документы\\IT\\GitHub\\jun-frontend-test-task\\client\\src\\pages\\PageError.js": {"path":"C:\\Users\\spiri\\OneDrive\\Документы\\IT\\GitHub\\jun-frontend-test-task\\client\\src\\pages\\PageError.js","statementMap":{"0":{"start":{"line":8,"column":4},"end":{"line":12,"column":5}}},"fnMap":{"0":{"name":"PageError","decl":{"start":{"line":5,"column":9},"end":{"line":5,"column":18}},"loc":{"start":{"line":5,"column":21},"end":{"line":13,"column":1}},"line":5}},"branchMap":{},"s":{"0":1},"f":{"0":1},"b":{},"_coverageSchema":"1a1c01bbd47fc00a2c39e90264f33305004495a9","hash":"6e35799bd950d79b7138ddc025232f2ee94def1e"}
,"C:\\Users\\spiri\\OneDrive\\Документы\\IT\\GitHub\\jun-frontend-test-task\\client\\src\\redux\\horseReducer.js": {"path":"C:\\Users\\spiri\\OneDrive\\Документы\\IT\\GitHub\\jun-frontend-test-task\\client\\src\\redux\\horseReducer.js","statementMap":{"0":{"start":{"line":3,"column":19},"end":{"line":18,"column":2}},"1":{"start":{"line":11,"column":9},"end":{"line":11,"column":36}},"2":{"start":{"line":14,"column":9},"end":{"line":14,"column":43}},"3":{"start":{"line":19,"column":39},"end":{"line":19,"column":57}}},"fnMap":{"0":{"name":"(anonymous_0)","decl":{"start":{"line":10,"column":15},"end":{"line":10,"column":16}},"loc":{"start":{"line":10,"column":34},"end":{"line":12,"column":7}},"line":10},"1":{"name":"(anonymous_1)","decl":{"start":{"line":13,"column":18},"end":{"line":13,"column":19}},"loc":{"start":{"line":13,"column":37},"end":{"line":15,"column":7}},"line":13}},"branchMap":{},"s":{"0":1,"1":1,"2":1,"3":1},"f":{"0":1,"1":1},"b":{},"_coverageSchema":"1a1c01bbd47fc00a2c39e90264f33305004495a9","hash":"35953e3c8c8edee23e4e87474c1f5c2eb07fe958"}
,"C:\\Users\\spiri\\OneDrive\\Документы\\IT\\GitHub\\jun-frontend-test-task\\client\\src\\redux\\store.js": {"path":"C:\\Users\\spiri\\OneDrive\\Документы\\IT\\GitHub\\jun-frontend-test-task\\client\\src\\redux\\store.js","statementMap":{"0":{"start":{"line":5,"column":21},"end":{"line":9,"column":2}}},"fnMap":{},"branchMap":{},"s":{"0":1},"f":{},"b":{},"_coverageSchema":"1a1c01bbd47fc00a2c39e90264f33305004495a9","hash":"da31fb264a7160c3f18a313cddbf8e1d697ec8db"}
}
