TN:
SF:src\App.js
FN:10,App
FNF:1
FNH:1
FNDA:3,App
DA:12,3
LF:1
LH:1
BRF:0
BRH:0
end_of_record
TN:
SF:src\index.js
FNF:0
FNH:0
DA:9,0
LF:1
LH:0
BRF:0
BRH:0
end_of_record
TN:
SF:src\components\Footer.js
FN:3,Footer
FNF:1
FNH:1
FNDA:3,Footer
DA:4,3
LF:1
LH:1
BRF:0
BRH:0
end_of_record
TN:
SF:src\components\Header.js
FN:4,Header
FNF:1
FNH:1
FNDA:3,Header
DA:5,3
LF:1
LH:1
BRF:0
BRH:0
end_of_record
TN:
SF:src\components\HistoryRace.js
FN:3,HistoryRace
FN:10,(anonymous_1)
FNF:2
FNH:0
FNDA:0,HistoryRace
FNDA:0,(anonymous_1)
DA:5,0
DA:11,0
LF:2
LH:0
BRF:0
BRH:0
end_of_record
TN:
SF:src\components\HorseProgress.js
FN:2,HorseProgress
FNF:1
FNH:0
FNDA:0,HorseProgress
DA:3,0
DA:4,0
DA:5,0
LF:3
LH:0
BRF:0
BRH:0
end_of_record
TN:
SF:src\components\ProgressBar.js
FN:4,ProgressBar
FN:5,(anonymous_1)
FN:11,(anonymous_2)
FNF:3
FNH:2
FNDA:2,ProgressBar
FNDA:2,(anonymous_1)
FNDA:0,(anonymous_2)
DA:5,2
DA:6,2
DA:8,2
DA:9,0
DA:12,0
DA:19,2
LF:6
LH:4
BRDA:8,0,0,0
BRDA:8,0,1,2
BRF:2
BRH:1
end_of_record
TN:
SF:src\pages\History.js
FN:5,History
FN:6,(anonymous_1)
FN:11,(anonymous_2)
FNF:3
FNH:0
FNDA:0,History
FNDA:0,(anonymous_1)
FNDA:0,(anonymous_2)
DA:6,0
DA:7,0
DA:8,0
DA:12,0
LF:4
LH:0
BRDA:7,0,0,0
BRDA:7,0,1,0
BRF:2
BRH:0
end_of_record
TN:
SF:src\pages\HorseRace.js
FN:8,HorseRace
FN:13,(anonymous_1)
FN:14,(anonymous_2)
FN:17,(anonymous_3)
FN:33,(anonymous_4)
FNF:5
FNH:2
FNDA:2,HorseRace
FNDA:2,(anonymous_1)
FNDA:0,(anonymous_2)
FNDA:0,(anonymous_3)
FNDA:0,(anonymous_4)
DA:9,2
DA:10,2
DA:11,2
DA:13,2
DA:14,2
DA:15,0
DA:16,0
DA:17,0
DA:18,0
DA:19,0
DA:20,0
DA:21,0
DA:25,0
DA:26,0
DA:27,0
DA:28,0
DA:33,2
DA:34,0
DA:36,2
LF:19
LH:7
BRDA:18,0,0,0
BRDA:18,0,1,0
BRDA:18,1,0,0
BRDA:18,1,1,0
BRDA:25,2,0,0
BRDA:25,2,1,0
BRF:6
BRH:0
end_of_record
TN:
SF:src\pages\PageError.js
FN:5,PageError
FNF:1
FNH:1
FNDA:1,PageError
DA:8,1
LF:1
LH:1
BRF:0
BRH:0
end_of_record
TN:
SF:src\redux\horseReducer.js
FN:10,(anonymous_0)
FN:13,(anonymous_1)
FNF:2
FNH:2
FNDA:1,(anonymous_0)
FNDA:1,(anonymous_1)
DA:3,1
DA:11,1
DA:14,1
DA:19,1
LF:4
LH:4
BRF:0
BRH:0
end_of_record
TN:
SF:src\redux\store.js
FNF:0
FNH:0
DA:5,1
LF:1
LH:1
BRF:0
BRH:0
end_of_record
